<?xml version="1.0" encoding="UTF-8"?>
<!-- Generated by org.testng.reporters.JUnitReportReporter -->
<testsuite hostname="LTIN511301" failures="0" tests="2" name="testCases.TC_003_SubHeader" time="9.163" errors="0" timestamp="2024-05-16T07:06:36 IST" skipped="0">
  <testcase classname="testCases.TC_003_SubHeader" name="validateAuthorInfoDisplay" time="4.835"/>
  <testcase classname="testCases.TC_003_SubHeader" name="validateAuthorInfoDisplay" time="4.328"/>
</testsuite> <!-- testCases.TC_003_SubHeader -->
