<?xml version="1.0" encoding="UTF-8"?>
<!-- Generated by org.testng.reporters.JUnitReportReporter -->
<testsuite hostname="LTIN511301" failures="0" tests="2" name="testCases.TC_004_EthicsAndCompliance" time="2.711" errors="0" timestamp="2024-05-16T07:06:36 IST" skipped="0">
  <testcase classname="testCases.TC_004_EthicsAndCompliance" name="validateShareOption" time="1.537"/>
  <testcase classname="testCases.TC_004_EthicsAndCompliance" name="validateShareOption" time="1.174"/>
</testsuite> <!-- testCases.TC_004_EthicsAndCompliance -->
