<?xml version="1.0" encoding="UTF-8"?>
<!-- Generated by org.testng.reporters.JUnitReportReporter -->
<testsuite hostname="LTIN511301" failures="0" tests="2" name="testCases.TC_001_UserInfoTest" time="24.736" errors="0" timestamp="2024-05-16T07:06:36 IST" skipped="0">
  <testcase classname="testCases.TC_001_UserInfoTest" name="verifyUserInfoDisplay" time="12.293"/>
  <testcase classname="testCases.TC_001_UserInfoTest" name="verifyUserInfoDisplay" time="12.443"/>
</testsuite> <!-- testCases.TC_001_UserInfoTest -->
