<?xml version="1.0" encoding="UTF-8"?>
<!-- Generated by org.testng.reporters.JUnitReportReporter -->
<testsuite hostname="LTIN487084" failures="0" tests="1" name="testCases.TC_007_LikesAndViewsTest" time="0.032" errors="0" timestamp="2024-05-01T22:32:06 IST" skipped="0">
  <testcase classname="testCases.TC_007_LikesAndViewsTest" name="getTotalLikesAndViews" time="0.032"/>
</testsuite> <!-- testCases.TC_007_LikesAndViewsTest -->
