<?xml version="1.0" encoding="UTF-8"?>
<!-- Generated by org.testng.reporters.JUnitReportReporter -->
<testsuite hostname="LTIN487084" failures="0" tests="1" name="testCases.TC_005_NewsLetterTest" time="3.061" errors="0" timestamp="2024-05-01T22:32:06 IST" skipped="0">
  <testcase classname="testCases.TC_005_NewsLetterTest" name="getNewsLetter" time="3.061"/>
</testsuite> <!-- testCases.TC_005_NewsLetterTest -->
