<?xml version="1.0" encoding="UTF-8"?>
<!-- Generated by org.testng.reporters.JUnitReportReporter -->
<testsuite hostname="LTIN511301" failures="0" tests="2" name="testCases.TC_007_PageInfo" time="0.132" errors="0" timestamp="2024-05-16T07:06:36 IST" skipped="0">
  <testcase classname="testCases.TC_007_PageInfo" name="getTotalLikesAndViews" time="0.041"/>
  <testcase classname="testCases.TC_007_PageInfo" name="getTotalLikesAndViews" time="0.091"/>
</testsuite> <!-- testCases.TC_007_PageInfo -->
