<?xml version="1.0" encoding="UTF-8"?>
<!-- Generated by org.testng.reporters.JUnitReportReporter -->
<testsuite hostname="LTIN511301" failures="0" tests="2" name="testCases.TC_005_PageTitle" time="15.614" errors="0" timestamp="2024-05-16T07:06:36 IST" skipped="0">
  <testcase classname="testCases.TC_005_PageTitle" name="getNewsLetter" time="8.034"/>
  <testcase classname="testCases.TC_005_PageTitle" name="getNewsLetter" time="7.580"/>
</testsuite> <!-- testCases.TC_005_PageTitle -->
