<?xml version="1.0" encoding="UTF-8"?>
<!-- Generated by org.testng.reporters.JUnitReportReporter -->
<testsuite hostname="LTIN511301" failures="0" tests="2" name="testCases.TC_002_Header" time="0.438" errors="0" timestamp="2024-05-16T07:06:36 IST" skipped="0">
  <testcase classname="testCases.TC_002_Header" name="checkTitle" time="0.201"/>
  <testcase classname="testCases.TC_002_Header" name="checkTitle" time="0.237"/>
</testsuite> <!-- testCases.TC_002_Header -->
