<?xml version="1.0" encoding="UTF-8"?>
<!-- Generated by org.testng.reporters.JUnitReportReporter -->
<testsuite hostname="LTIN487084" failures="0" tests="1" name="testCases.TC_006_LinksActiveTest" time="49.350" errors="0" timestamp="2024-05-01T22:32:06 IST" skipped="0">
  <testcase classname="testCases.TC_006_LinksActiveTest" name="checkingLinks" time="49.350"/>
</testsuite> <!-- testCases.TC_006_LinksActiveTest -->
